<?xml version="1.0" encoding="UTF-8"?>
<testsuite name="rspec" tests="4" failures="0" errors="0" time="1.782385" timestamp="2016-02-28T02:09:17+09:00">
  <!-- Randomized with seed 23008 -->
  <properties/>
  <testcase classname="serverspec.nginx_spec" name="nginx::default Package &quot;nginx&quot; should be installed" file="./serverspec/nginx_spec.rb" time="1.255466"/>
  <testcase classname="serverspec.nginx_spec" name="nginx::default Service &quot;nginx&quot; should be enabled" file="./serverspec/nginx_spec.rb" time="0.167286"/>
  <testcase classname="serverspec.nginx_spec" name="nginx::default Service &quot;nginx&quot; should be running" file="./serverspec/nginx_spec.rb" time="0.191329"/>
  <testcase classname="serverspec.nginx_spec" name="nginx::default Port &quot;8080&quot; should be listening" file="./serverspec/nginx_spec.rb" time="0.166812"/>
</testsuite>
